<?xml version="1.0" encoding="UTF-8"?>
<!-- Generated by org.testng.reporters.JUnitReportReporter -->
<testsuite hostname="DESKTOP-QUHMG70" failures="0" tests="1" name="testCases.TC_009_WishList" time="33.097" errors="0" timestamp="2022-08-24T11:54:52 IST" skipped="0">
  <testcase classname="testCases.TC_009_WishList" name="test_wishlist" time="33.097"/>
  <system-out/>
</testsuite> <!-- testCases.TC_009_WishList -->
