<?xml version="1.0" encoding="UTF-8"?>
<!-- Generated by org.testng.reporters.JUnitReportReporter -->
<testsuite hostname="DESKTOP-QUHMG70" failures="0" tests="1" name="testCases.TC_002_Login" time="14.799" errors="0" timestamp="2022-07-28T22:47:23 IST" skipped="0">
  <testcase classname="testCases.TC_002_Login" name="test_Login" time="14.799"/>
  <system-out/>
</testsuite> <!-- testCases.TC_002_Login -->
