<?xml version="1.0" encoding="UTF-8"?>
<!-- Generated by org.testng.reporters.JUnitReportReporter -->
<testsuite hostname="DESKTOP-QUHMG70" failures="0" tests="1" name="testCases.TC_001_AccountRegistrationPage" time="23.708" errors="0" timestamp="2022-07-28T22:47:23 IST" skipped="0">
  <testcase classname="testCases.TC_001_AccountRegistrationPage" name="test_Account_Registration" time="23.708"/>
  <system-out/>
</testsuite> <!-- testCases.TC_001_AccountRegistrationPage -->
