<?xml version="1.0" encoding="UTF-8"?>
<!-- Generated by org.testng.reporters.JUnitReportReporter -->
<testsuite hostname="DESKTOP-QUHMG70" failures="0" tests="1" name="testCases.TC_007_CompareProduct" time="25.635" errors="0" timestamp="2022-08-24T11:54:52 IST" skipped="0">
  <testcase classname="testCases.TC_007_CompareProduct" name="test_compareproduct" time="25.635"/>
  <system-out/>
</testsuite> <!-- testCases.TC_007_CompareProduct -->
