<?xml version="1.0" encoding="UTF-8"?>
<!-- Generated by org.testng.reporters.JUnitReportReporter -->
<testsuite hostname="DESKTOP-QUHMG70" failures="0" tests="1" name="testCases.TC_027_GiftCertificate" time="39.144" errors="0" timestamp="2022-08-24T11:54:53 IST" skipped="0">
  <testcase classname="testCases.TC_027_GiftCertificate" name="test_GiftCertificate" time="39.144"/>
  <system-out/>
</testsuite> <!-- testCases.TC_027_GiftCertificate -->
