<?xml version="1.0" encoding="UTF-8"?>
<!-- Generated by org.testng.reporters.JUnitReportReporter -->
<<<<<<< HEAD
<testsuite hostname="DESKTOP-QUHMG70" failures="0" tests="1" name="testCases.TC_001_AccountRegistrationPage" time="23.708" errors="0" timestamp="2022-07-28T22:47:23 IST" skipped="0">
  <testcase classname="testCases.TC_001_AccountRegistrationPage" name="test_Account_Registration" time="23.708"/>
=======
<testsuite hostname="DESKTOP-QUHMG70" failures="0" tests="1" name="testCases.TC_001_AccountRegistrationPage" time="21.781" errors="0" timestamp="2022-08-24T11:54:53 IST" skipped="0">
  <testcase classname="testCases.TC_001_AccountRegistrationPage" name="test_Account_Registration" time="21.781"/>
>>>>>>> 9aa5b90 (All TestCases Are Added To The GitHub)
  <system-out/>
</testsuite> <!-- testCases.TC_001_AccountRegistrationPage -->
