<?xml version="1.0" encoding="UTF-8"?>
<!-- Generated by org.testng.reporters.JUnitReportReporter -->
<testsuite hostname="DESKTOP-QUHMG70" failures="0" tests="1" name="testCases.TC_018_RewardsPoint" time="16.456" errors="0" timestamp="2022-08-24T11:54:52 IST" skipped="0">
  <testcase classname="testCases.TC_018_RewardsPoint" name="test_RewardsPoint" time="16.456"/>
  <system-out/>
</testsuite> <!-- testCases.TC_018_RewardsPoint -->
