<?xml version="1.0" encoding="UTF-8"?>
<!-- Generated by org.testng.reporters.JUnitReportReporter -->
<testsuite hostname="DESKTOP-QUHMG70" failures="0" tests="1" name="testCases.TC_021_RecurringPayment" time="18.674" errors="0" timestamp="2022-08-24T11:54:52 IST" skipped="0">
  <testcase classname="testCases.TC_021_RecurringPayment" name="test_RecurringPayment" time="18.674"/>
  <system-out/>
</testsuite> <!-- testCases.TC_021_RecurringPayment -->
