<?xml version="1.0" encoding="UTF-8"?>
<!-- Generated by org.testng.reporters.JUnitReportReporter -->
<<<<<<< HEAD
<testsuite hostname="DESKTOP-QUHMG70" failures="0" tests="1" name="testCases.TC_004_Search" time="33.360" errors="0" timestamp="2022-07-28T22:47:23 IST" skipped="0">
  <testcase classname="testCases.TC_004_Search" name="test_search" time="33.360"/>
=======
<testsuite hostname="DESKTOP-QUHMG70" failures="0" tests="1" name="testCases.TC_004_Search" time="22.632" errors="0" timestamp="2022-08-24T11:54:53 IST" skipped="0">
  <testcase classname="testCases.TC_004_Search" name="test_search" time="22.632"/>
>>>>>>> 9aa5b90 (All TestCases Are Added To The GitHub)
  <system-out/>
</testsuite> <!-- testCases.TC_004_Search -->
