<?xml version="1.0" encoding="UTF-8"?>
<!-- Generated by org.testng.reporters.JUnitReportReporter -->
<testsuite hostname="DESKTOP-QUHMG70" failures="0" tests="1" name="testCases.TC_025_FooterOption" time="25.423" errors="0" timestamp="2022-08-24T11:54:52 IST" skipped="0">
  <testcase classname="testCases.TC_025_FooterOption" name="test_FooterOption" time="25.423"/>
  <system-out/>
</testsuite> <!-- testCases.TC_025_FooterOption -->
