<?xml version="1.0" encoding="UTF-8"?>
<!-- Generated by org.testng.reporters.JUnitReportReporter -->
<testsuite hostname="DESKTOP-QUHMG70" failures="0" tests="1" name="testCases.TC_005_Forgot_Password" time="24.779" errors="0" timestamp="2022-07-30T17:14:25 IST" skipped="0">
  <testcase classname="testCases.TC_005_Forgot_Password" name="test_Forgot_Password" time="24.779"/>
  <system-out/>
</testsuite> <!-- testCases.TC_005_Forgot_Password -->
