<?xml version="1.0" encoding="UTF-8"?>
<!-- Generated by org.testng.reporters.JUnitReportReporter -->
<testsuite hostname="DESKTOP-QUHMG70" failures="0" tests="1" name="testCases.TC_006_AddToCart" time="16.395" errors="0" timestamp="2022-07-30T17:14:25 IST" skipped="0">
  <testcase classname="testCases.TC_006_AddToCart" name="test_AddToCart" time="16.395"/>
  <system-out/>
</testsuite> <!-- testCases.TC_006_AddToCart -->
