<?xml version="1.0" encoding="UTF-8"?>
<!-- Generated by org.testng.reporters.JUnitReportReporter -->
<testsuite hostname="DESKTOP-QUHMG70" failures="0" tests="1" name="testCases.TC_004_Search" time="21.143" errors="0" timestamp="2022-07-30T17:14:25 IST" skipped="0">
  <testcase classname="testCases.TC_004_Search" name="test_search" time="21.143"/>
  <system-out/>
</testsuite> <!-- testCases.TC_004_Search -->
