<?xml version="1.0" encoding="UTF-8"?>
<!-- Generated by org.testng.reporters.JUnitReportReporter -->
<testsuite hostname="DESKTOP-QUHMG70" failures="0" tests="1" name="testCases.TC_002_Login" time="9.425" errors="0" timestamp="2022-07-30T17:14:25 IST" skipped="0">
  <testcase classname="testCases.TC_002_Login" name="test_Login" time="9.425"/>
  <system-out/>
</testsuite> <!-- testCases.TC_002_Login -->
